<?xml version="1.0" encoding="UTF-8"?>
<testng-results skipped="0" failed="0" total="2" passed="2">
  <reporter-output>
  </reporter-output>
  <suite name="Suite" duration-ms="10082" started-at="2020-03-16T13:36:01Z" finished-at="2020-03-16T13:36:11Z">
    <groups>
    </groups>
    <test name="Test" duration-ms="10082" started-at="2020-03-16T13:36:01Z" finished-at="2020-03-16T13:36:11Z">
      <class name="com.RAFDataflow.AutomationMAVEN.FriendDataflow">
        <test-method status="PASS" signature="test()[pri:0, instance:com.RAFDataflow.AutomationMAVEN.FriendDataflow@105fece7]" name="test" duration-ms="4283" started-at="2020-03-16T13:36:07Z" finished-at="2020-03-16T13:36:11Z">
          <reporter-output>
          </reporter-output>
        </test-method> <!-- test -->
      </class> <!-- com.RAFDataflow.AutomationMAVEN.FriendDataflow -->
      <class name="com.RAFDataflow.AutomationMAVEN.ReferaFriendDataflow">
        <test-method status="PASS" signature="test()[pri:0, instance:com.RAFDataflow.AutomationMAVEN.ReferaFriendDataflow@2890c451]" name="test" duration-ms="5783" started-at="2020-03-16T13:36:01Z" finished-at="2020-03-16T13:36:07Z">
          <reporter-output>
          </reporter-output>
        </test-method> <!-- test -->
      </class> <!-- com.RAFDataflow.AutomationMAVEN.ReferaFriendDataflow -->
    </test> <!-- Test -->
  </suite> <!-- Suite -->
</testng-results>
